

*******************************************************************************
Fri May 19 21:15:09 2017


FIT:    data read from datafile using 2:1
        format = x:z
        x range restricted to [0.00000 : 6.00000]
        #datapoints = 17
        residuals are weighted equally (unit weight)

function used for fitting: f(x)
	f(x) = m*x + b
fitted parameters initialized with current variable values

iter      chisq       delta/lim  lambda   m             b            
   0 7.9785400000e+01   0.00e+00  8.60e-01    1.000000e+00   1.000000e+00
   3 7.3855887769e+00  -6.03e-01  8.60e-04   -3.213719e+00   4.390864e+00

After 3 iterations the fit converged.
final sum of squares of residuals : 7.38559
rel. change during last iteration : -6.03063e-06

degrees of freedom    (FIT_NDF)                        : 15
rms of residuals      (FIT_STDFIT) = sqrt(WSSR/ndf)    : 0.701693
variance of residuals (reduced chisquare) = WSSR/ndf   : 0.492373

Final set of parameters            Asymptotic Standard Error
=======================            ==========================
m               = -3.21372         +/- 0.4058       (12.63%)
b               = 4.39086          +/- 0.2812       (6.405%)

correlation matrix of the fit parameters:
                m      b      
m               1.000 
b              -0.796  1.000 


*******************************************************************************
Fri May 19 21:17:44 2017


FIT:    data read from datafile using 1:4
        format = x:z
        x range restricted to [0.00000 : 6.00000]
        #datapoints = 17
        residuals are weighted equally (unit weight)

function used for fitting: f(x)
	f(x) = m*x + b
fitted parameters initialized with current variable values

iter      chisq       delta/lim  lambda   m             b            
   0 1.0916932185e+01   0.00e+00  2.25e+00    1.000000e+00   1.000000e+00
   4 2.2120327718e-01  -8.10e-07  2.25e-04    9.841896e-01   2.485444e-01

After 4 iterations the fit converged.
final sum of squares of residuals : 0.221203
rel. change during last iteration : -8.09944e-12

degrees of freedom    (FIT_NDF)                        : 15
rms of residuals      (FIT_STDFIT) = sqrt(WSSR/ndf)    : 0.121437
variance of residuals (reduced chisquare) = WSSR/ndf   : 0.0147469

Final set of parameters            Asymptotic Standard Error
=======================            ==========================
m               = 0.98419          +/- 0.01963      (1.995%)
b               = 0.248544         +/- 0.05923      (23.83%)

correlation matrix of the fit parameters:
                m      b      
m               1.000 
b              -0.868  1.000 


*******************************************************************************
Fri May 19 21:20:16 2017


FIT:    data read from datafile using 1:4
        format = x:z
        x range restricted to [0.00000 : 6.00000]
        #datapoints = 17
        residuals are weighted equally (unit weight)

function used for fitting: f(x)
	f(x) = m*x + b
fitted parameters initialized with current variable values

iter      chisq       delta/lim  lambda   m             b            
   0 1.0916932185e+01   0.00e+00  2.25e+00    1.000000e+00   1.000000e+00
   4 2.2120327718e-01  -8.10e-07  2.25e-04    9.841896e-01   2.485444e-01

After 4 iterations the fit converged.
final sum of squares of residuals : 0.221203
rel. change during last iteration : -8.09944e-12

degrees of freedom    (FIT_NDF)                        : 15
rms of residuals      (FIT_STDFIT) = sqrt(WSSR/ndf)    : 0.121437
variance of residuals (reduced chisquare) = WSSR/ndf   : 0.0147469

Final set of parameters            Asymptotic Standard Error
=======================            ==========================
m               = 0.98419          +/- 0.01963      (1.995%)
b               = 0.248544         +/- 0.05923      (23.83%)

correlation matrix of the fit parameters:
                m      b      
m               1.000 
b              -0.868  1.000 


*******************************************************************************
Fri May 19 21:22:33 2017


FIT:    data read from datafile using 1:4
        format = x:z
        x range restricted to [0.00000 : 6.00000]
        #datapoints = 17
        residuals are weighted equally (unit weight)

function used for fitting: f(x)
	f(x) = m*x + b
fitted parameters initialized with current variable values

iter      chisq       delta/lim  lambda   m             b            
   0 1.0916932185e+01   0.00e+00  2.25e+00    1.000000e+00   1.000000e+00
   4 2.2120327718e-01  -8.10e-07  2.25e-04    9.841896e-01   2.485444e-01

After 4 iterations the fit converged.
final sum of squares of residuals : 0.221203
rel. change during last iteration : -8.09944e-12

degrees of freedom    (FIT_NDF)                        : 15
rms of residuals      (FIT_STDFIT) = sqrt(WSSR/ndf)    : 0.121437
variance of residuals (reduced chisquare) = WSSR/ndf   : 0.0147469

Final set of parameters            Asymptotic Standard Error
=======================            ==========================
m               = 0.98419          +/- 0.01963      (1.995%)
b               = 0.248544         +/- 0.05923      (23.83%)

correlation matrix of the fit parameters:
                m      b      
m               1.000 
b              -0.868  1.000 


*******************************************************************************
Fri May 19 21:23:08 2017


FIT:    data read from datafile using 1:4
        format = x:z
        x range restricted to [0.00000 : 6.00000]
        #datapoints = 17
        residuals are weighted equally (unit weight)

function used for fitting: f(x)
	f(x) = m*x + b
fitted parameters initialized with current variable values

iter      chisq       delta/lim  lambda   m             b            
   0 1.0916932185e+01   0.00e+00  2.25e+00    1.000000e+00   1.000000e+00
   4 2.2120327718e-01  -8.10e-07  2.25e-04    9.841896e-01   2.485444e-01

After 4 iterations the fit converged.
final sum of squares of residuals : 0.221203
rel. change during last iteration : -8.09944e-12

degrees of freedom    (FIT_NDF)                        : 15
rms of residuals      (FIT_STDFIT) = sqrt(WSSR/ndf)    : 0.121437
variance of residuals (reduced chisquare) = WSSR/ndf   : 0.0147469

Final set of parameters            Asymptotic Standard Error
=======================            ==========================
m               = 0.98419          +/- 0.01963      (1.995%)
b               = 0.248544         +/- 0.05923      (23.83%)

correlation matrix of the fit parameters:
                m      b      
m               1.000 
b              -0.868  1.000 


*******************************************************************************
Fri May 19 21:27:09 2017


FIT:    data read from datafile using 1:4
        format = x:z
        x range restricted to [0.00000 : 6.00000]
        #datapoints = 17
        residuals are weighted equally (unit weight)

function used for fitting: f(x)
	f(x) = m*x + b
fitted parameters initialized with current variable values

iter      chisq       delta/lim  lambda   m             b            
   0 1.0916932185e+01   0.00e+00  2.25e+00    1.000000e+00   1.000000e+00
   4 2.2120327718e-01  -8.10e-07  2.25e-04    9.841896e-01   2.485444e-01

After 4 iterations the fit converged.
final sum of squares of residuals : 0.221203
rel. change during last iteration : -8.09944e-12

degrees of freedom    (FIT_NDF)                        : 15
rms of residuals      (FIT_STDFIT) = sqrt(WSSR/ndf)    : 0.121437
variance of residuals (reduced chisquare) = WSSR/ndf   : 0.0147469

Final set of parameters            Asymptotic Standard Error
=======================            ==========================
m               = 0.98419          +/- 0.01963      (1.995%)
b               = 0.248544         +/- 0.05923      (23.83%)

correlation matrix of the fit parameters:
                m      b      
m               1.000 
b              -0.868  1.000 


*******************************************************************************
Fri May 19 21:27:26 2017


FIT:    data read from datafile using 1:4
        format = x:z
        x range restricted to [0.00000 : 6.00000]
        #datapoints = 17
        residuals are weighted equally (unit weight)

function used for fitting: f(x)
	f(x) = m*x + b
fitted parameters initialized with current variable values

iter      chisq       delta/lim  lambda   m             b            
   0 1.0916932185e+01   0.00e+00  2.25e+00    1.000000e+00   1.000000e+00
   4 2.2120327718e-01  -8.10e-07  2.25e-04    9.841896e-01   2.485444e-01

After 4 iterations the fit converged.
final sum of squares of residuals : 0.221203
rel. change during last iteration : -8.09944e-12

degrees of freedom    (FIT_NDF)                        : 15
rms of residuals      (FIT_STDFIT) = sqrt(WSSR/ndf)    : 0.121437
variance of residuals (reduced chisquare) = WSSR/ndf   : 0.0147469

Final set of parameters            Asymptotic Standard Error
=======================            ==========================
m               = 0.98419          +/- 0.01963      (1.995%)
b               = 0.248544         +/- 0.05923      (23.83%)

correlation matrix of the fit parameters:
                m      b      
m               1.000 
b              -0.868  1.000 


*******************************************************************************
Fri May 19 21:27:43 2017


FIT:    data read from datafile using 1:4
        format = x:z
        x range restricted to [0.00000 : 6.00000]
        #datapoints = 17
        residuals are weighted equally (unit weight)

function used for fitting: f(x)
	f(x) = m*x + b
fitted parameters initialized with current variable values

iter      chisq       delta/lim  lambda   m             b            
   0 1.0916932185e+01   0.00e+00  2.25e+00    1.000000e+00   1.000000e+00
   4 2.2120327718e-01  -8.10e-07  2.25e-04    9.841896e-01   2.485444e-01

After 4 iterations the fit converged.
final sum of squares of residuals : 0.221203
rel. change during last iteration : -8.09944e-12

degrees of freedom    (FIT_NDF)                        : 15
rms of residuals      (FIT_STDFIT) = sqrt(WSSR/ndf)    : 0.121437
variance of residuals (reduced chisquare) = WSSR/ndf   : 0.0147469

Final set of parameters            Asymptotic Standard Error
=======================            ==========================
m               = 0.98419          +/- 0.01963      (1.995%)
b               = 0.248544         +/- 0.05923      (23.83%)

correlation matrix of the fit parameters:
                m      b      
m               1.000 
b              -0.868  1.000 


*******************************************************************************
Fri May 19 21:27:59 2017


FIT:    data read from datafile using 1:4
        format = x:z
        x range restricted to [0.00000 : 6.00000]
        #datapoints = 17
        residuals are weighted equally (unit weight)

function used for fitting: f(x)
	f(x) = m*x + b
fitted parameters initialized with current variable values

iter      chisq       delta/lim  lambda   m             b            
   0 1.0916932185e+01   0.00e+00  2.25e+00    1.000000e+00   1.000000e+00
   4 2.2120327718e-01  -8.10e-07  2.25e-04    9.841896e-01   2.485444e-01

After 4 iterations the fit converged.
final sum of squares of residuals : 0.221203
rel. change during last iteration : -8.09944e-12

degrees of freedom    (FIT_NDF)                        : 15
rms of residuals      (FIT_STDFIT) = sqrt(WSSR/ndf)    : 0.121437
variance of residuals (reduced chisquare) = WSSR/ndf   : 0.0147469

Final set of parameters            Asymptotic Standard Error
=======================            ==========================
m               = 0.98419          +/- 0.01963      (1.995%)
b               = 0.248544         +/- 0.05923      (23.83%)

correlation matrix of the fit parameters:
                m      b      
m               1.000 
b              -0.868  1.000 
